C:\Program Files\Microsoft Visual Studio\2022\Community\MSBuild\Microsoft\VC\v170\Microsoft.CppBuild.targets(531,5): warning MSB8028: The intermediate directory (x64\Debug\) contains files shared from another project (Banke-Sysyem.vcxproj, cour 11.vcxproj).  This can lead to incorrect clean and rebuild behavior.
  cours 11.cpp
D:\.NET\OOP\cours 11\cours 11\cours 11\cours 11.cpp(5,10): warning C4067: unexpected tokens following preprocessor directive - expected a newline
D:\.NET\OOP\cours 11\cours 11\cours 11\clsUtility.h(15,16): warning C4091: 'static ': ignored on left of 'clsUtil::enCharType' when no variable is declared
D:\.NET\OOP\cours 11\cours 11\cours 11\clsUtility.h(66,5): warning C4102: 'defualt': unreferenced label
D:\.NET\OOP\cours 11\cours 11\cours 11\cours 11.cpp(6,10): warning C4067: unexpected tokens following preprocessor directive - expected a newline
D:\.NET\OOP\cours 11\cours 11\cours 11\clsInputValidate.h(2,10): warning C4067: unexpected tokens following preprocessor directive - expected a newline
D:\.NET\OOP\cours 11\cours 11\cours 11\clsString.h(40,25): warning C4267: 'return': conversion from 'size_t' to 'short', possible loss of data
D:\.NET\OOP\cours 11\cours 11\cours 11\clsString.h(45,29): warning C4267: 'return': conversion from 'size_t' to 'short', possible loss of data
D:\.NET\OOP\cours 11\cours 11\cours 11\clsString.h(57,30): warning C4267: '=': conversion from 'size_t' to 'short', possible loss of data
D:\.NET\OOP\cours 11\cours 11\cours 11\clsString.h(194,29): warning C4267: 'return': conversion from 'size_t' to 'short', possible loss of data
D:\.NET\OOP\cours 11\cours 11\cours 11\clsString.h(325,30): warning C4267: '=': conversion from 'size_t' to 'short', possible loss of data
D:\.NET\OOP\cours 11\cours 11\cours 11\clsString.h(373,22): warning C4267: 'initializing': conversion from 'size_t' to 'short', possible loss of data
D:\.NET\OOP\cours 11\cours 11\cours 11\clsuser.h(184,15): warning C4240: nonstandard extension used: access to 'clsUser::stLoginRegisterRecord' now defined to be 'public', previously it was defined to be 'private'
D:\.NET\OOP\cours 11\cours 11\cours 11\clsBankeClient.h(160,9): warning C4240: nonstandard extension used: access to 'clsBankeClient::stTrnsferLogRecord' now defined to be 'public', previously it was defined to be 'private'
D:\.NET\OOP\cours 11\cours 11\cours 11\clsBankeClient.h(20,145): warning C4244: 'argument': conversion from 'double' to 'float', possible loss of data
D:\.NET\OOP\cours 11\cours 11\cours 11\clsBankeClient.h(108,33): warning C4244: '=': conversion from 'double' to 'float', possible loss of data
D:\.NET\OOP\cours 11\cours 11\cours 11\clsBankeClient.h(109,42): warning C4244: '=': conversion from 'double' to 'float', possible loss of data
D:\.NET\OOP\cours 11\cours 11\cours 11\clsBankeClient.h(110,43): warning C4244: '=': conversion from 'double' to 'float', possible loss of data
D:\.NET\OOP\cours 11\cours 11\cours 11\clsBankeClient.h(196,22): warning C4244: '+=': conversion from 'double' to 'float', possible loss of data
D:\.NET\OOP\cours 11\cours 11\cours 11\clsBankeClient.h(203,22): warning C4244: '-=': conversion from 'double' to 'float', possible loss of data
D:\.NET\OOP\cours 11\cours 11\cours 11\clsAddNewClientScreen.h(3,10): warning C4067: unexpected tokens following preprocessor directive - expected a newline
D:\.NET\OOP\cours 11\cours 11\cours 11\clsDeleteClientScreen.h(3,10): warning C4067: unexpected tokens following preprocessor directive - expected a newline
D:\.NET\OOP\cours 11\cours 11\cours 11\clsUpdateClientScreen.h(3,10): warning C4067: unexpected tokens following preprocessor directive - expected a newline
D:\.NET\OOP\cours 11\cours 11\cours 11\clsFindClientScreen.h(3,10): warning C4067: unexpected tokens following preprocessor directive - expected a newline
D:\.NET\OOP\cours 11\cours 11\cours 11\clsTotalBalancesScreen.h(57,82): warning C4244: 'argument': conversion from 'double' to 'int', possible loss of data
D:\.NET\OOP\cours 11\cours 11\cours 11\clsTransferScreen.h(47,56): warning C4244: '=': conversion from 'double' to 'float', possible loss of data
D:\.NET\OOP\cours 11\cours 11\cours 11\clsCurrency.h(27,17): warning C4244: 'argument': conversion from 'double' to 'float', possible loss of data
D:\.NET\OOP\cours 11\cours 11\cours 11\clsBankeClient.h(320,1): warning C4715: 'clsBankeClient::Save': not all control paths return a value
D:\.NET\OOP\cours 11\cours 11\cours 11\clsuser.h(349,1): warning C4715: 'clsUser::Save': not all control paths return a value
D:\.NET\OOP\cours 11\cours 11\cours 11\clsBankeClient.h(205,1): warning C4715: 'clsBankeClient::Withdraw': not all control paths return a value
  cours 11.vcxproj -> D:\.NET\OOP\cours 11\cours 11\x64\Debug\cours 11.exe
